[+] Containers:
 |- [+] Container: /Game/ThirdPerson/Maps/ThirdPersonMap
 |   |- [+] ActorDescs:
 |   |   |- Guid:13B6D39C4FEE33F49F4BAEABCDB3C503 BaseClass: NativeClass:/Script/Landscape.LandscapeStreamingProxy Name:LandscapeStreamingProxy_6T8LU14DTR4U9PD0C4WEI1T3W_62_0_1_0 Label:LandscapeStreamingProxy_0_1_0 SpatiallyLoaded:1 Bounds:IsValid=true, Min=(X=-12400.000 Y=-6200.000 Z=100.000), Max=(X=-6200.000 Y=0.000 Z=3478.125) RuntimeGrid:None EditorOnly:0 RuntimeOnly:0 HLODRelevant:1
 |   |   |- Guid:1E529F5F4CFC483186DBF9900D410BC5 BaseClass: NativeClass:/Script/Landscape.LandscapeStreamingProxy Name:LandscapeStreamingProxy_6T8LU14DTR4U9PD0C4WEI1T3W_62_2_1_0 Label:LandscapeStreamingProxy_2_1_0 SpatiallyLoaded:1 Bounds:IsValid=true, Min=(X=0.000 Y=-6200.000 Z=100.000), Max=(X=6200.000 Y=0.000 Z=2450.000) RuntimeGrid:None EditorOnly:0 RuntimeOnly:0 HLODRelevant:1
 |   |   |- Guid:2FB58999456391D349DC0F86DAC136ED BaseClass: NativeClass:/Script/Engine.SkyLight Name:SkyLight_1 Label:SkyLight SpatiallyLoaded:0 Bounds:IsValid=true, Min=(X=0.000 Y=0.000 Z=690.000), Max=(X=0.000 Y=0.000 Z=690.000) RuntimeGrid:None EditorOnly:0 RuntimeOnly:0 HLODRelevant:0 FolderPath:Lighting FolderGuid:963EC3EB4002CCE9759E2EBA541A873A
 |   |   |- Guid:316CF2A6494ACA4C0E4180A87D36AB8F BaseClass: NativeClass:/Script/Engine.ExponentialHeightFog Name:ExponentialHeightFog_0 Label:ExponentialHeightFog SpatiallyLoaded:0 Bounds:IsValid=true, Min=(X=-5600.000 Y=-50.000 Z=-6850.000), Max=(X=-5600.000 Y=-50.000 Z=-6850.000) RuntimeGrid:None EditorOnly:0 RuntimeOnly:0 HLODRelevant:0 FolderPath:Lighting FolderGuid:963EC3EB4002CCE9759E2EBA541A873A
 |   |   |- Guid:31A6A90248B85DF3F596B481F011535C BaseClass: NativeClass:/Script/Landscape.LandscapeStreamingProxy Name:LandscapeStreamingProxy_6T8LU14DTR4U9PD0C4WEI1T3W_62_2_2_0 Label:LandscapeStreamingProxy_2_2_0 SpatiallyLoaded:1 Bounds:IsValid=true, Min=(X=0.000 Y=0.000 Z=100.000), Max=(X=6200.000 Y=6200.000 Z=1704.688) RuntimeGrid:None EditorOnly:0 RuntimeOnly:0 HLODRelevant:1
 |   |   |- Guid:33DA16FC48EE83D67C19D7962A5BE682 BaseClass: NativeClass:/Script/Landscape.Landscape Name:Landscape_UAID_98EECB589DF43B6001_1124189919 Label:Landscape SpatiallyLoaded:0 Bounds:IsValid=true, Min=(X=-12400.000 Y=-12400.000 Z=100.000), Max=(X=-12400.000 Y=-12400.000 Z=100.000) RuntimeGrid:None EditorOnly:0 RuntimeOnly:0 HLODRelevant:0
 |   |   |- Guid:389A0BAA4CB4C922DB7CF68716D032E8 BaseClass: NativeClass:/Script/Landscape.LandscapeStreamingProxy Name:LandscapeStreamingProxy_6T8LU14DTR4U9PD0C4WEI1T3W_62_3_0_0 Label:LandscapeStreamingProxy_3_0_0 SpatiallyLoaded:1 Bounds:IsValid=true, Min=(X=6200.000 Y=-12400.000 Z=125.000), Max=(X=12400.000 Y=-6200.000 Z=2601.562) RuntimeGrid:None EditorOnly:0 RuntimeOnly:0 HLODRelevant:1
 |   |   |- Guid:3A00AA1C422CE54C0BDB60BAF471BFBB BaseClass: NativeClass:/Script/Engine.PlayerStart Name:PlayerStart_0 Label:PlayerStart SpatiallyLoaded:0 Bounds:IsValid=true, Min=(X=860.000 Y=1070.000 Z=0.013), Max=(X=940.000 Y=1150.000 Z=184.013) RuntimeGrid:None EditorOnly:0 RuntimeOnly:0 HLODRelevant:0
 |   |   |- Guid:4D3BE93F4146AAAC8BBE79999D96D57F BaseClass: NativeClass:/Script/Engine.VolumetricCloud Name:VolumetricCloud_0 Label:VolumetricCloud SpatiallyLoaded:0 Bounds:IsValid=true, Min=(X=0.000 Y=0.000 Z=820.000), Max=(X=0.000 Y=0.000 Z=820.000) RuntimeGrid:None EditorOnly:0 RuntimeOnly:0 HLODRelevant:0 FolderPath:Lighting FolderGuid:963EC3EB4002CCE9759E2EBA541A873A
 |   |   |- Guid:51826AAD463ADB3A25A1C19F76677235 BaseClass: NativeClass:/Script/Landscape.LandscapeStreamingProxy Name:LandscapeStreamingProxy_6T8LU14DTR4U9PD0C4WEI1T3W_62_0_3_0 Label:LandscapeStreamingProxy_0_3_0 SpatiallyLoaded:1 Bounds:IsValid=true, Min=(X=-12400.000 Y=6200.000 Z=100.000), Max=(X=-6200.000 Y=12400.000 Z=3171.875) RuntimeGrid:None EditorOnly:0 RuntimeOnly:0 HLODRelevant:1
 |   |   |- Guid:5B97F4A64FB21F77EFC44386BF705B4C BaseClass: NativeClass:/Script/Engine.TextRenderActor Name:TextRenderActor_1 Label:TextRenderActor SpatiallyLoaded:1 Bounds:IsValid=true, Min=(X=-0.100 Y=1100.000 Z=65.013), Max=(X=-0.100 Y=2392.308 Z=215.013) RuntimeGrid:None EditorOnly:0 RuntimeOnly:0 HLODRelevant:0 FolderPath:Maps FolderGuid:B3210ED544A797B436B65FA79516C33F
 |   |   |- Guid:61BC21D447F798724A0287A70A2E6AF6 BaseClass: NativeClass:/Script/Landscape.LandscapeStreamingProxy Name:LandscapeStreamingProxy_6T8LU14DTR4U9PD0C4WEI1T3W_62_1_2_0 Label:LandscapeStreamingProxy_1_2_0 SpatiallyLoaded:1 Bounds:IsValid=true, Min=(X=-6200.000 Y=0.000 Z=100.000), Max=(X=0.000 Y=6200.000 Z=2094.531) RuntimeGrid:None EditorOnly:0 RuntimeOnly:0 HLODRelevant:1
 |   |   |- Guid:62D9CFD740CDBDF3E77BCFAE7C569F4E BaseClass: NativeClass:/Script/Landscape.LandscapeStreamingProxy Name:LandscapeStreamingProxy_6T8LU14DTR4U9PD0C4WEI1T3W_62_1_1_0 Label:LandscapeStreamingProxy_1_1_0 SpatiallyLoaded:1 Bounds:IsValid=true, Min=(X=-6200.000 Y=-6200.000 Z=100.000), Max=(X=0.000 Y=0.000 Z=3256.250) RuntimeGrid:None EditorOnly:0 RuntimeOnly:0 HLODRelevant:1
 |   |   |- Guid:68E404D84CAC31AA3637DA9CC4A911D3 BaseClass: NativeClass:/Script/Landscape.LandscapeStreamingProxy Name:LandscapeStreamingProxy_6T8LU14DTR4U9PD0C4WEI1T3W_62_1_0_0 Label:LandscapeStreamingProxy_1_0_0 SpatiallyLoaded:1 Bounds:IsValid=true, Min=(X=-6200.000 Y=-12400.000 Z=101.562), Max=(X=0.000 Y=-6200.000 Z=3591.406) RuntimeGrid:None EditorOnly:0 RuntimeOnly:0 HLODRelevant:1
 |   |   |- Guid:6BAF4DDD444C60371492D3919DB42C97 BaseClass: NativeClass:/Script/Engine.WorldDataLayers Name:WorldDataLayers Label:WorldDataLayers SpatiallyLoaded:0 Bounds:IsValid=true, Min=(X=0.000 Y=0.000 Z=0.000), Max=(X=0.000 Y=0.000 Z=0.000) RuntimeGrid:None EditorOnly:0 RuntimeOnly:0 HLODRelevant:0
 |   |   |- Guid:6EE4C3A44AB076E51B8B9A8046FD5B21 BaseClass: NativeClass:/Script/Landscape.LandscapeStreamingProxy Name:LandscapeStreamingProxy_6T8LU14DTR4U9PD0C4WEI1T3W_62_2_3_0 Label:LandscapeStreamingProxy_2_3_0 SpatiallyLoaded:1 Bounds:IsValid=true, Min=(X=0.000 Y=6200.000 Z=103.125), Max=(X=6200.000 Y=12400.000 Z=2699.219) RuntimeGrid:None EditorOnly:0 RuntimeOnly:0 HLODRelevant:1
 |   |   |- Guid:71D540AE45B3B223A50AD087EF25737E BaseClass: NativeClass:/Script/Landscape.LandscapeStreamingProxy Name:LandscapeStreamingProxy_6T8LU14DTR4U9PD0C4WEI1T3W_62_3_1_0 Label:LandscapeStreamingProxy_3_1_0 SpatiallyLoaded:1 Bounds:IsValid=true, Min=(X=6200.000 Y=-6200.000 Z=100.000), Max=(X=12400.000 Y=0.000 Z=2145.312) RuntimeGrid:None EditorOnly:0 RuntimeOnly:0 HLODRelevant:1
 |   |   |- Guid:7A06F4A54D92B10EADE980BF390B1146 BaseClass: NativeClass:/Script/Landscape.LandscapeStreamingProxy Name:LandscapeStreamingProxy_6T8LU14DTR4U9PD0C4WEI1T3W_62_0_2_0 Label:LandscapeStreamingProxy_0_2_0 SpatiallyLoaded:1 Bounds:IsValid=true, Min=(X=-12400.000 Y=0.000 Z=100.000), Max=(X=-6200.000 Y=6200.000 Z=2730.469) RuntimeGrid:None EditorOnly:0 RuntimeOnly:0 HLODRelevant:1
 |   |   |- Guid:85F3FF82414E6EF4DEA58093CEF467DA BaseClass: NativeClass:/Script/Landscape.LandscapeStreamingProxy Name:LandscapeStreamingProxy_6T8LU14DTR4U9PD0C4WEI1T3W_62_0_0_0 Label:LandscapeStreamingProxy_0_0_0 SpatiallyLoaded:1 Bounds:IsValid=true, Min=(X=-12400.000 Y=-12400.000 Z=100.000), Max=(X=-6200.000 Y=-6200.000 Z=2817.188) RuntimeGrid:None EditorOnly:0 RuntimeOnly:0 HLODRelevant:1
 |   |   |- Guid:8981FBD441C87382CBB9BD9574445DF5 BaseClass: NativeClass:/Script/Landscape.LandscapeStreamingProxy Name:LandscapeStreamingProxy_6T8LU14DTR4U9PD0C4WEI1T3W_62_3_3_0 Label:LandscapeStreamingProxy_3_3_0 SpatiallyLoaded:1 Bounds:IsValid=true, Min=(X=6200.000 Y=6200.000 Z=100.000), Max=(X=12400.000 Y=12400.000 Z=3739.844) RuntimeGrid:None EditorOnly:0 RuntimeOnly:0 HLODRelevant:1
 |   |   |- Guid:933B91214598085763B886B5A45B8C79 BaseClass: NativeClass:/Script/Landscape.LandscapeStreamingProxy Name:LandscapeStreamingProxy_6T8LU14DTR4U9PD0C4WEI1T3W_62_1_3_0 Label:LandscapeStreamingProxy_1_3_0 SpatiallyLoaded:1 Bounds:IsValid=true, Min=(X=-6200.000 Y=6200.000 Z=100.000), Max=(X=0.000 Y=12400.000 Z=1974.219) RuntimeGrid:None EditorOnly:0 RuntimeOnly:0 HLODRelevant:1
 |   |   |- Guid:AD84B9454A02CAB36FFC9AB45B911C39 BaseClass: NativeClass:/Script/Landscape.LandscapeStreamingProxy Name:LandscapeStreamingProxy_6T8LU14DTR4U9PD0C4WEI1T3W_62_3_2_0 Label:LandscapeStreamingProxy_3_2_0 SpatiallyLoaded:1 Bounds:IsValid=true, Min=(X=6200.000 Y=0.000 Z=109.375), Max=(X=12400.000 Y=6200.000 Z=1790.625) RuntimeGrid:None EditorOnly:0 RuntimeOnly:0 HLODRelevant:1
 |   |   |- Guid:B785ED2844B84CFB91E7F39FE661CD99 BaseClass: NativeClass:/Script/Engine.DirectionalLight Name:DirectionalLight_0 Label:DirectionalLight SpatiallyLoaded:0 Bounds:IsValid=true, Min=(X=-1048576.000 Y=-1048576.000 Z=-1048576.000), Max=(X=1048576.000 Y=1048576.000 Z=1048576.000) RuntimeGrid:None EditorOnly:0 RuntimeOnly:0 HLODRelevant:0 FolderPath:Lighting FolderGuid:963EC3EB4002CCE9759E2EBA541A873A
 |   |   |- Guid:CCFF262C46EEFFDF319E7F9539CE697E BaseClass: NativeClass:/Script/Engine.SkyAtmosphere Name:SkyAtmosphere_0 Label:SkyAtmosphere SpatiallyLoaded:0 Bounds:IsValid=true, Min=(X=0.000 Y=0.000 Z=1020.000), Max=(X=0.000 Y=0.000 Z=1020.000) RuntimeGrid:None EditorOnly:0 RuntimeOnly:0 HLODRelevant:0 FolderPath:Lighting FolderGuid:963EC3EB4002CCE9759E2EBA541A873A
 |   |   |- Guid:EC4E0C944CE6AC6E784BC6BB2916EA13 BaseClass: NativeClass:/Script/Engine.StaticMeshActor Name:StaticMeshActor_UAID_A4AE111137DC5EFB00_1110535423 Label:SM_SkySphere SpatiallyLoaded:0 Bounds:IsValid=true, Min=(X=-1638400.000 Y=-1638400.000 Z=-1638400.000), Max=(X=1638400.000 Y=1638400.000 Z=1638400.000) RuntimeGrid:None EditorOnly:0 RuntimeOnly:0 HLODRelevant:1 FolderPath:Lighting FolderGuid:963EC3EB4002CCE9759E2EBA541A873A
 |   |   |- Guid:F5E3FEB3450C49844FD93DA8E083C8AD BaseClass: NativeClass:/Script/Engine.PostProcessVolume Name:PostProcessVolume_0 Label:PostProcessVolume SpatiallyLoaded:0 Bounds:IsValid=true, Min=(X=0.000 Y=0.000 Z=400.000), Max=(X=200.000 Y=200.000 Z=600.000) RuntimeGrid:None EditorOnly:0 RuntimeOnly:0 HLODRelevant:0 FolderGuid:963EC3EB4002CCE9759E2EBA541A873A
 |   |   |- Guid:FBAD206844912BA5B7BEFDBCFC3DCF93 BaseClass: NativeClass:/Script/Landscape.LandscapeStreamingProxy Name:LandscapeStreamingProxy_6T8LU14DTR4U9PD0C4WEI1T3W_62_2_0_0 Label:LandscapeStreamingProxy_2_0_0 SpatiallyLoaded:1 Bounds:IsValid=true, Min=(X=0.000 Y=-12400.000 Z=100.000), Max=(X=6200.000 Y=-6200.000 Z=2421.094) RuntimeGrid:None EditorOnly:0 RuntimeOnly:0 HLODRelevant:1
 |   |- [+] Clusters:
 |   |   |- [+] [  0]
 |   |   |   |- Guid:6BAF4DDD444C60371492D3919DB42C97 BaseClass: NativeClass:/Script/Engine.WorldDataLayers Name:WorldDataLayers Label:WorldDataLayers SpatiallyLoaded:0 Bounds:IsValid=true, Min=(X=0.000 Y=0.000 Z=0.000), Max=(X=0.000 Y=0.000 Z=0.000) RuntimeGrid:None EditorOnly:0 RuntimeOnly:0 HLODRelevant:0
 |   |   |- [+] [  1]
 |   |   |   |- Guid:F5E3FEB3450C49844FD93DA8E083C8AD BaseClass: NativeClass:/Script/Engine.PostProcessVolume Name:PostProcessVolume_0 Label:PostProcessVolume SpatiallyLoaded:0 Bounds:IsValid=true, Min=(X=0.000 Y=0.000 Z=400.000), Max=(X=200.000 Y=200.000 Z=600.000) RuntimeGrid:None EditorOnly:0 RuntimeOnly:0 HLODRelevant:0 FolderGuid:963EC3EB4002CCE9759E2EBA541A873A
 |   |   |- [+] [  2]
 |   |   |   |- Guid:5B97F4A64FB21F77EFC44386BF705B4C BaseClass: NativeClass:/Script/Engine.TextRenderActor Name:TextRenderActor_1 Label:TextRenderActor SpatiallyLoaded:1 Bounds:IsValid=true, Min=(X=-0.100 Y=1100.000 Z=65.013), Max=(X=-0.100 Y=2392.308 Z=215.013) RuntimeGrid:None EditorOnly:0 RuntimeOnly:0 HLODRelevant:0 FolderPath:Maps FolderGuid:B3210ED544A797B436B65FA79516C33F
 |   |   |- [+] [  3]
 |   |   |   |- Guid:4D3BE93F4146AAAC8BBE79999D96D57F BaseClass: NativeClass:/Script/Engine.VolumetricCloud Name:VolumetricCloud_0 Label:VolumetricCloud SpatiallyLoaded:0 Bounds:IsValid=true, Min=(X=0.000 Y=0.000 Z=820.000), Max=(X=0.000 Y=0.000 Z=820.000) RuntimeGrid:None EditorOnly:0 RuntimeOnly:0 HLODRelevant:0 FolderPath:Lighting FolderGuid:963EC3EB4002CCE9759E2EBA541A873A
 |   |   |- [+] [  4]
 |   |   |   |- Guid:CCFF262C46EEFFDF319E7F9539CE697E BaseClass: NativeClass:/Script/Engine.SkyAtmosphere Name:SkyAtmosphere_0 Label:SkyAtmosphere SpatiallyLoaded:0 Bounds:IsValid=true, Min=(X=0.000 Y=0.000 Z=1020.000), Max=(X=0.000 Y=0.000 Z=1020.000) RuntimeGrid:None EditorOnly:0 RuntimeOnly:0 HLODRelevant:0 FolderPath:Lighting FolderGuid:963EC3EB4002CCE9759E2EBA541A873A
 |   |   |- [+] [  5]
 |   |   |   |- Guid:EC4E0C944CE6AC6E784BC6BB2916EA13 BaseClass: NativeClass:/Script/Engine.StaticMeshActor Name:StaticMeshActor_UAID_A4AE111137DC5EFB00_1110535423 Label:SM_SkySphere SpatiallyLoaded:0 Bounds:IsValid=true, Min=(X=-1638400.000 Y=-1638400.000 Z=-1638400.000), Max=(X=1638400.000 Y=1638400.000 Z=1638400.000) RuntimeGrid:None EditorOnly:0 RuntimeOnly:0 HLODRelevant:1 FolderPath:Lighting FolderGuid:963EC3EB4002CCE9759E2EBA541A873A
 |   |   |- [+] [  6]
 |   |   |   |- Guid:B785ED2844B84CFB91E7F39FE661CD99 BaseClass: NativeClass:/Script/Engine.DirectionalLight Name:DirectionalLight_0 Label:DirectionalLight SpatiallyLoaded:0 Bounds:IsValid=true, Min=(X=-1048576.000 Y=-1048576.000 Z=-1048576.000), Max=(X=1048576.000 Y=1048576.000 Z=1048576.000) RuntimeGrid:None EditorOnly:0 RuntimeOnly:0 HLODRelevant:0 FolderPath:Lighting FolderGuid:963EC3EB4002CCE9759E2EBA541A873A
 |   |   |- [+] [  7]
 |   |   |   |- Guid:316CF2A6494ACA4C0E4180A87D36AB8F BaseClass: NativeClass:/Script/Engine.ExponentialHeightFog Name:ExponentialHeightFog_0 Label:ExponentialHeightFog SpatiallyLoaded:0 Bounds:IsValid=true, Min=(X=-5600.000 Y=-50.000 Z=-6850.000), Max=(X=-5600.000 Y=-50.000 Z=-6850.000) RuntimeGrid:None EditorOnly:0 RuntimeOnly:0 HLODRelevant:0 FolderPath:Lighting FolderGuid:963EC3EB4002CCE9759E2EBA541A873A
 |   |   |- [+] [  8]
 |   |   |   |- Guid:8981FBD441C87382CBB9BD9574445DF5 BaseClass: NativeClass:/Script/Landscape.LandscapeStreamingProxy Name:LandscapeStreamingProxy_6T8LU14DTR4U9PD0C4WEI1T3W_62_3_3_0 Label:LandscapeStreamingProxy_3_3_0 SpatiallyLoaded:1 Bounds:IsValid=true, Min=(X=6200.000 Y=6200.000 Z=100.000), Max=(X=12400.000 Y=12400.000 Z=3739.844) RuntimeGrid:None EditorOnly:0 RuntimeOnly:0 HLODRelevant:1
 |   |   |- [+] [  9]
 |   |   |   |- Guid:6EE4C3A44AB076E51B8B9A8046FD5B21 BaseClass: NativeClass:/Script/Landscape.LandscapeStreamingProxy Name:LandscapeStreamingProxy_6T8LU14DTR4U9PD0C4WEI1T3W_62_2_3_0 Label:LandscapeStreamingProxy_2_3_0 SpatiallyLoaded:1 Bounds:IsValid=true, Min=(X=0.000 Y=6200.000 Z=103.125), Max=(X=6200.000 Y=12400.000 Z=2699.219) RuntimeGrid:None EditorOnly:0 RuntimeOnly:0 HLODRelevant:1
 |   |   |- [+] [ 10]
 |   |   |   |- Guid:933B91214598085763B886B5A45B8C79 BaseClass: NativeClass:/Script/Landscape.LandscapeStreamingProxy Name:LandscapeStreamingProxy_6T8LU14DTR4U9PD0C4WEI1T3W_62_1_3_0 Label:LandscapeStreamingProxy_1_3_0 SpatiallyLoaded:1 Bounds:IsValid=true, Min=(X=-6200.000 Y=6200.000 Z=100.000), Max=(X=0.000 Y=12400.000 Z=1974.219) RuntimeGrid:None EditorOnly:0 RuntimeOnly:0 HLODRelevant:1
 |   |   |- [+] [ 11]
 |   |   |   |- Guid:51826AAD463ADB3A25A1C19F76677235 BaseClass: NativeClass:/Script/Landscape.LandscapeStreamingProxy Name:LandscapeStreamingProxy_6T8LU14DTR4U9PD0C4WEI1T3W_62_0_3_0 Label:LandscapeStreamingProxy_0_3_0 SpatiallyLoaded:1 Bounds:IsValid=true, Min=(X=-12400.000 Y=6200.000 Z=100.000), Max=(X=-6200.000 Y=12400.000 Z=3171.875) RuntimeGrid:None EditorOnly:0 RuntimeOnly:0 HLODRelevant:1
 |   |   |- [+] [ 12]
 |   |   |   |- Guid:2FB58999456391D349DC0F86DAC136ED BaseClass: NativeClass:/Script/Engine.SkyLight Name:SkyLight_1 Label:SkyLight SpatiallyLoaded:0 Bounds:IsValid=true, Min=(X=0.000 Y=0.000 Z=690.000), Max=(X=0.000 Y=0.000 Z=690.000) RuntimeGrid:None EditorOnly:0 RuntimeOnly:0 HLODRelevant:0 FolderPath:Lighting FolderGuid:963EC3EB4002CCE9759E2EBA541A873A
 |   |   |- [+] [ 13]
 |   |   |   |- Guid:AD84B9454A02CAB36FFC9AB45B911C39 BaseClass: NativeClass:/Script/Landscape.LandscapeStreamingProxy Name:LandscapeStreamingProxy_6T8LU14DTR4U9PD0C4WEI1T3W_62_3_2_0 Label:LandscapeStreamingProxy_3_2_0 SpatiallyLoaded:1 Bounds:IsValid=true, Min=(X=6200.000 Y=0.000 Z=109.375), Max=(X=12400.000 Y=6200.000 Z=1790.625) RuntimeGrid:None EditorOnly:0 RuntimeOnly:0 HLODRelevant:1
 |   |   |- [+] [ 14]
 |   |   |   |- Guid:31A6A90248B85DF3F596B481F011535C BaseClass: NativeClass:/Script/Landscape.LandscapeStreamingProxy Name:LandscapeStreamingProxy_6T8LU14DTR4U9PD0C4WEI1T3W_62_2_2_0 Label:LandscapeStreamingProxy_2_2_0 SpatiallyLoaded:1 Bounds:IsValid=true, Min=(X=0.000 Y=0.000 Z=100.000), Max=(X=6200.000 Y=6200.000 Z=1704.688) RuntimeGrid:None EditorOnly:0 RuntimeOnly:0 HLODRelevant:1
 |   |   |- [+] [ 15]
 |   |   |   |- Guid:61BC21D447F798724A0287A70A2E6AF6 BaseClass: NativeClass:/Script/Landscape.LandscapeStreamingProxy Name:LandscapeStreamingProxy_6T8LU14DTR4U9PD0C4WEI1T3W_62_1_2_0 Label:LandscapeStreamingProxy_1_2_0 SpatiallyLoaded:1 Bounds:IsValid=true, Min=(X=-6200.000 Y=0.000 Z=100.000), Max=(X=0.000 Y=6200.000 Z=2094.531) RuntimeGrid:None EditorOnly:0 RuntimeOnly:0 HLODRelevant:1
 |   |   |- [+] [ 16]
 |   |   |   |- Guid:7A06F4A54D92B10EADE980BF390B1146 BaseClass: NativeClass:/Script/Landscape.LandscapeStreamingProxy Name:LandscapeStreamingProxy_6T8LU14DTR4U9PD0C4WEI1T3W_62_0_2_0 Label:LandscapeStreamingProxy_0_2_0 SpatiallyLoaded:1 Bounds:IsValid=true, Min=(X=-12400.000 Y=0.000 Z=100.000), Max=(X=-6200.000 Y=6200.000 Z=2730.469) RuntimeGrid:None EditorOnly:0 RuntimeOnly:0 HLODRelevant:1
 |   |   |- [+] [ 17]
 |   |   |   |- Guid:71D540AE45B3B223A50AD087EF25737E BaseClass: NativeClass:/Script/Landscape.LandscapeStreamingProxy Name:LandscapeStreamingProxy_6T8LU14DTR4U9PD0C4WEI1T3W_62_3_1_0 Label:LandscapeStreamingProxy_3_1_0 SpatiallyLoaded:1 Bounds:IsValid=true, Min=(X=6200.000 Y=-6200.000 Z=100.000), Max=(X=12400.000 Y=0.000 Z=2145.312) RuntimeGrid:None EditorOnly:0 RuntimeOnly:0 HLODRelevant:1
 |   |   |- [+] [ 18]
 |   |   |   |- Guid:1E529F5F4CFC483186DBF9900D410BC5 BaseClass: NativeClass:/Script/Landscape.LandscapeStreamingProxy Name:LandscapeStreamingProxy_6T8LU14DTR4U9PD0C4WEI1T3W_62_2_1_0 Label:LandscapeStreamingProxy_2_1_0 SpatiallyLoaded:1 Bounds:IsValid=true, Min=(X=0.000 Y=-6200.000 Z=100.000), Max=(X=6200.000 Y=0.000 Z=2450.000) RuntimeGrid:None EditorOnly:0 RuntimeOnly:0 HLODRelevant:1
 |   |   |- [+] [ 19]
 |   |   |   |- Guid:62D9CFD740CDBDF3E77BCFAE7C569F4E BaseClass: NativeClass:/Script/Landscape.LandscapeStreamingProxy Name:LandscapeStreamingProxy_6T8LU14DTR4U9PD0C4WEI1T3W_62_1_1_0 Label:LandscapeStreamingProxy_1_1_0 SpatiallyLoaded:1 Bounds:IsValid=true, Min=(X=-6200.000 Y=-6200.000 Z=100.000), Max=(X=0.000 Y=0.000 Z=3256.250) RuntimeGrid:None EditorOnly:0 RuntimeOnly:0 HLODRelevant:1
 |   |   |- [+] [ 20]
 |   |   |   |- Guid:13B6D39C4FEE33F49F4BAEABCDB3C503 BaseClass: NativeClass:/Script/Landscape.LandscapeStreamingProxy Name:LandscapeStreamingProxy_6T8LU14DTR4U9PD0C4WEI1T3W_62_0_1_0 Label:LandscapeStreamingProxy_0_1_0 SpatiallyLoaded:1 Bounds:IsValid=true, Min=(X=-12400.000 Y=-6200.000 Z=100.000), Max=(X=-6200.000 Y=0.000 Z=3478.125) RuntimeGrid:None EditorOnly:0 RuntimeOnly:0 HLODRelevant:1
 |   |   |- [+] [ 21]
 |   |   |   |- Guid:389A0BAA4CB4C922DB7CF68716D032E8 BaseClass: NativeClass:/Script/Landscape.LandscapeStreamingProxy Name:LandscapeStreamingProxy_6T8LU14DTR4U9PD0C4WEI1T3W_62_3_0_0 Label:LandscapeStreamingProxy_3_0_0 SpatiallyLoaded:1 Bounds:IsValid=true, Min=(X=6200.000 Y=-12400.000 Z=125.000), Max=(X=12400.000 Y=-6200.000 Z=2601.562) RuntimeGrid:None EditorOnly:0 RuntimeOnly:0 HLODRelevant:1
 |   |   |- [+] [ 22]
 |   |   |   |- Guid:FBAD206844912BA5B7BEFDBCFC3DCF93 BaseClass: NativeClass:/Script/Landscape.LandscapeStreamingProxy Name:LandscapeStreamingProxy_6T8LU14DTR4U9PD0C4WEI1T3W_62_2_0_0 Label:LandscapeStreamingProxy_2_0_0 SpatiallyLoaded:1 Bounds:IsValid=true, Min=(X=0.000 Y=-12400.000 Z=100.000), Max=(X=6200.000 Y=-6200.000 Z=2421.094) RuntimeGrid:None EditorOnly:0 RuntimeOnly:0 HLODRelevant:1
 |   |   |- [+] [ 23]
 |   |   |   |- Guid:68E404D84CAC31AA3637DA9CC4A911D3 BaseClass: NativeClass:/Script/Landscape.LandscapeStreamingProxy Name:LandscapeStreamingProxy_6T8LU14DTR4U9PD0C4WEI1T3W_62_1_0_0 Label:LandscapeStreamingProxy_1_0_0 SpatiallyLoaded:1 Bounds:IsValid=true, Min=(X=-6200.000 Y=-12400.000 Z=101.562), Max=(X=0.000 Y=-6200.000 Z=3591.406) RuntimeGrid:None EditorOnly:0 RuntimeOnly:0 HLODRelevant:1
 |   |   |- [+] [ 24]
 |   |   |   |- Guid:85F3FF82414E6EF4DEA58093CEF467DA BaseClass: NativeClass:/Script/Landscape.LandscapeStreamingProxy Name:LandscapeStreamingProxy_6T8LU14DTR4U9PD0C4WEI1T3W_62_0_0_0 Label:LandscapeStreamingProxy_0_0_0 SpatiallyLoaded:1 Bounds:IsValid=true, Min=(X=-12400.000 Y=-12400.000 Z=100.000), Max=(X=-6200.000 Y=-6200.000 Z=2817.188) RuntimeGrid:None EditorOnly:0 RuntimeOnly:0 HLODRelevant:1
 |   |   |- [+] [ 25]
 |   |   |   |- Guid:3A00AA1C422CE54C0BDB60BAF471BFBB BaseClass: NativeClass:/Script/Engine.PlayerStart Name:PlayerStart_0 Label:PlayerStart SpatiallyLoaded:0 Bounds:IsValid=true, Min=(X=860.000 Y=1070.000 Z=0.013), Max=(X=940.000 Y=1150.000 Z=184.013) RuntimeGrid:None EditorOnly:0 RuntimeOnly:0 HLODRelevant:0
 |   |   |- [+] [ 26]
 |   |   |   |- Guid:33DA16FC48EE83D67C19D7962A5BE682 BaseClass: NativeClass:/Script/Landscape.Landscape Name:Landscape_UAID_98EECB589DF43B6001_1124189919 Label:Landscape SpatiallyLoaded:0 Bounds:IsValid=true, Min=(X=-12400.000 Y=-12400.000 Z=100.000), Max=(X=-12400.000 Y=-12400.000 Z=100.000) RuntimeGrid:None EditorOnly:0 RuntimeOnly:0 HLODRelevant:0
 |- ContainerInstances:
 |- [+] MainContainer:
 |   |-        ID: 0x0000000000000000
 |   |-    Bounds: IsValid=false, Min=(X=0.000 Y=0.000 Z=0.000), Max=(X=0.000 Y=0.000 Z=0.000)
 |   |- Transform: 0.000000,0.000000,0.000000|0.000000,0.000000,-0.000000|1.000000,1.000000,1.000000
 |   |- Container: /Game/ThirdPerson/Maps/ThirdPersonMap
----------------------------------------------------------------------------------------------------------------
ThirdPersonMap - Persistent Level
----------------------------------------------------------------------------------------------------------------
Always loaded Actor Count: 35 

----------------------------------------------------------------------------------------------------------------
ThirdPersonMap - Runtime Spatial Hash - Streaming Grid - MainGrid
----------------------------------------------------------------------------------------------------------------
            Origin: X=0.000 Y=0.000 Z=0.000
         Cell Size: 12800
      World Bounds: IsValid=false, Min=(X=0.000 Y=0.000 Z=0.000), Max=(X=0.000 Y=0.000 Z=0.000)
     Loading Range: 25600.00
Block Slow Loading: No
 ClientOnlyVisible: No

[+] Grid Levels: 1
 |- Level  0: Cell Count    0 | Cell Size   12800 | Actor Count    0 (0.0%)

[+] Content of Grid Level 0

